<?xml version="1.0" encoding="UTF-8"?>
<testng-results skipped="0" failed="0" ignored="0" total="1" passed="1">
  <reporter-output>
  </reporter-output>
  <suite name="com.mycompany.tests.LoginTest" duration-ms="29917" started-at="2019-11-14T03:50:38Z" finished-at="2019-11-14T03:51:08Z">
    <groups>
    </groups>
    <test name="Command line test" duration-ms="29917" started-at="2019-11-14T03:50:38Z" finished-at="2019-11-14T03:51:08Z">
      <class name="com.mycompany.tests.LoginTest">
        <test-method status="PASS" signature="myTest()[pri:0, instance:com.mycompany.tests.LoginTest@67b64c45]" name="myTest" duration-ms="29834" started-at="2019-11-14T03:50:38Z" finished-at="2019-11-14T03:51:08Z">
          <reporter-output>
          </reporter-output>
        </test-method> <!-- myTest -->
      </class> <!-- com.mycompany.tests.LoginTest -->
    </test> <!-- Command line test -->
  </suite> <!-- com.mycompany.tests.LoginTest -->
</testng-results>
