<?xml version="1.0" encoding="UTF-8"?>
<testng-results skipped="0" failed="0" ignored="0" total="1" passed="1">
  <reporter-output>
  </reporter-output>
  <suite name="Default suite" duration-ms="50856" started-at="2019-11-13T02:37:12Z" finished-at="2019-11-13T02:38:03Z">
    <groups>
    </groups>
    <test name="Default test" duration-ms="50856" started-at="2019-11-13T02:37:12Z" finished-at="2019-11-13T02:38:03Z">
      <class name="com.mycompany.tests.LoginTest">
        <test-method status="PASS" signature="myTest()[pri:0, instance:com.mycompany.tests.LoginTest@675d3402]" name="myTest" duration-ms="50707" started-at="2019-11-13T02:37:12Z" finished-at="2019-11-13T02:38:03Z">
          <reporter-output>
          </reporter-output>
        </test-method> <!-- myTest -->
      </class> <!-- com.mycompany.tests.LoginTest -->
    </test> <!-- Default test -->
  </suite> <!-- Default suite -->
</testng-results>
