<?xml version="1.0" encoding="UTF-8"?>
<testng-results skipped="0" failed="0" ignored="0" total="1" passed="1">
  <reporter-output>
  </reporter-output>
  <suite name="Default suite" duration-ms="31616" started-at="2019-11-04T12:19:08Z" finished-at="2019-11-04T12:19:40Z">
    <groups>
    </groups>
    <test name="Default test" duration-ms="31616" started-at="2019-11-04T12:19:08Z" finished-at="2019-11-04T12:19:40Z">
      <class name="com.mycompany.tests.LoginTest">
        <test-method status="PASS" signature="myTest()[pri:0, instance:com.mycompany.tests.LoginTest@1593948d]" name="myTest" duration-ms="31499" started-at="2019-11-04T12:19:08Z" finished-at="2019-11-04T12:19:40Z">
          <reporter-output>
          </reporter-output>
        </test-method> <!-- myTest -->
      </class> <!-- com.mycompany.tests.LoginTest -->
    </test> <!-- Default test -->
  </suite> <!-- Default suite -->
</testng-results>
